<?xml version="1.0" encoding="UTF-8"?>
<testsuite name="service.FileServiceTest" tests="6" skipped="0" failures="0" errors="0" timestamp="2025-12-26T13:56:48" hostname="SiLVeRWoLf" time="0.091">
  <properties/>
  <testcase name="sohranenieIZagruzkaBiletov_dolzhnyBytSovmestimy(Path)" classname="service.FileServiceTest" time="0.072"/>
  <testcase name="loadTickets_handlesEmptyFile_returnsEmptyList()" classname="service.FileServiceTest" time="0.006"/>
  <testcase name="proverka_pystogo_file_i_vernut_pustoi_spisok()" classname="service.FileServiceTest" time="0.001"/>
  <testcase name="saveTickets_createsCorrectFileFormat(Path)" classname="service.FileServiceTest" time="0.003"/>
  <testcase name="zagruzka_odbogo_bileta_i_ego_proverka(Path)" classname="service.FileServiceTest" time="0.002"/>
  <testcase name="loadTicketsFromMalformedFile_returnsEmptyList(Path)" classname="service.FileServiceTest" time="0.002"/>
  <system-out><![CDATA[Ошибка чтения файла: nonexistent.txt (No such file or directory)
Ошибка чтения файла: pystoi_file.txt (No such file or directory)
]]></system-out>
  <system-err><![CDATA[]]></system-err>
</testsuite>
